<?xml version="1.0" encoding="UTF-8"?>
<robot generator="Robot 6.0.2 (Python 3.11.2 on win32)" generated="20230504 22:45:51.087" rpa="false" schemaversion="3">
<suite id="s1" name="Test Add Match Rf" source="C:\Users\mofyp\GitHub\scoutspanel_robotframework\test_add_match_rf.robot">
<test id="s1-t1" name="Redirect to the add match form" line="38">
<kw name="Open login page">
<kw name="Open Browser" library="SeleniumLibrary">
<arg>${LOGIN URL}</arg>
<arg>${BROWSER}</arg>
<doc>Opens a new browser instance to the optional ``url``.</doc>
<msg timestamp="20230504 22:45:51.243" level="INFO">Opening browser 'Chrome' to base url 'https://scouts.futbolkolektyw.pl/en'.</msg>
<status status="PASS" starttime="20230504 22:45:51.243" endtime="20230504 22:45:52.632"/>
</kw>
<kw name="Title Should Be" library="SeleniumLibrary">
<arg>Scouts panel - sign in</arg>
<doc>Verifies that the current page title equals ``title``.</doc>
<msg timestamp="20230504 22:45:52.636" level="INFO">Page title is 'Scouts panel - sign in'.</msg>
<status status="PASS" starttime="20230504 22:45:52.632" endtime="20230504 22:45:52.636"/>
</kw>
<status status="PASS" starttime="20230504 22:45:51.243" endtime="20230504 22:45:52.636"/>
</kw>
<kw name="Type in email at the login page">
<kw name="Input Text" library="SeleniumLibrary">
<arg>${EMAILINPUT}</arg>
<arg>user07@getnada.com</arg>
<doc>Types the given ``text`` into the text field identified by ``locator``.</doc>
<msg timestamp="20230504 22:45:52.637" level="INFO">Typing text 'user07@getnada.com' into text field 'xpath=//*[@id='login']'.</msg>
<status status="PASS" starttime="20230504 22:45:52.637" endtime="20230504 22:45:52.768"/>
</kw>
<status status="PASS" starttime="20230504 22:45:52.637" endtime="20230504 22:45:52.768"/>
</kw>
<kw name="Type in password">
<kw name="Input Text" library="SeleniumLibrary">
<arg>${PASSWORDINPUT}</arg>
<arg>Test-1234</arg>
<doc>Types the given ``text`` into the text field identified by ``locator``.</doc>
<msg timestamp="20230504 22:45:52.768" level="INFO">Typing text 'Test-1234' into text field 'xpath=//*[@id='password']'.</msg>
<status status="PASS" starttime="20230504 22:45:52.768" endtime="20230504 22:45:52.851"/>
</kw>
<status status="PASS" starttime="20230504 22:45:52.768" endtime="20230504 22:45:52.851"/>
</kw>
<kw name="Click on the Sign in button">
<kw name="Click Element" library="SeleniumLibrary">
<arg>${SIGNINBUTTON}</arg>
<doc>Click the element identified by ``locator``.</doc>
<msg timestamp="20230504 22:45:52.852" level="INFO">Clicking element 'xpath=//*[@type='submit']//child::span[1]'.</msg>
<status status="PASS" starttime="20230504 22:45:52.851" endtime="20230504 22:45:52.891"/>
</kw>
<status status="PASS" starttime="20230504 22:45:52.851" endtime="20230504 22:45:52.891"/>
</kw>
<kw name="Click on the Players button">
<kw name="Wait Until Element Is Visible" library="SeleniumLibrary">
<arg>${PLAYERSBUTTON}</arg>
<doc>Waits until the element ``locator`` is visible.</doc>
<status status="PASS" starttime="20230504 22:45:52.891" endtime="20230504 22:45:53.966"/>
</kw>
<kw name="Click Element" library="SeleniumLibrary">
<arg>${PLAYERSBUTTON}</arg>
<doc>Click the element identified by ``locator``.</doc>
<msg timestamp="20230504 22:45:53.966" level="INFO">Clicking element 'xpath=//ul[1]/div[2]/div[2]/span'.</msg>
<status status="PASS" starttime="20230504 22:45:53.966" endtime="20230504 22:45:54.004"/>
</kw>
<status status="PASS" starttime="20230504 22:45:52.891" endtime="20230504 22:45:54.004"/>
</kw>
<kw name="Click filter table button">
<kw name="Wait Until Element Is Visible" library="SeleniumLibrary">
<arg>${FILTERTABLEBUTTON}</arg>
<doc>Waits until the element ``locator`` is visible.</doc>
<status status="PASS" starttime="20230504 22:45:54.004" endtime="20230504 22:45:54.665"/>
</kw>
<kw name="Click Element" library="SeleniumLibrary">
<arg>${FILTERTABLEBUTTON}</arg>
<doc>Click the element identified by ``locator``.</doc>
<msg timestamp="20230504 22:45:54.665" level="INFO">Clicking element 'xpath=//*[@data-testid = 'Filter Table-iconButton']'.</msg>
<status status="PASS" starttime="20230504 22:45:54.665" endtime="20230504 22:45:54.728"/>
</kw>
<status status="PASS" starttime="20230504 22:45:54.004" endtime="20230504 22:45:54.728"/>
</kw>
<kw name="Type in name">
<kw name="Input Text" library="SeleniumLibrary">
<arg>${FILTERNAME}</arg>
<arg>Player 2</arg>
<doc>Types the given ``text`` into the text field identified by ``locator``.</doc>
<msg timestamp="20230504 22:45:54.728" level="INFO">Typing text 'Player 2' into text field 'xpath=//div[1]/div/div/div/input'.</msg>
<status status="PASS" starttime="20230504 22:45:54.728" endtime="20230504 22:45:54.887"/>
</kw>
<status status="PASS" starttime="20230504 22:45:54.728" endtime="20230504 22:45:54.887"/>
</kw>
<kw name="Type in surname">
<kw name="Input Text" library="SeleniumLibrary">
<arg>${FILTERSURNAME}</arg>
<arg>Playerowski</arg>
<doc>Types the given ``text`` into the text field identified by ``locator``.</doc>
<msg timestamp="20230504 22:45:54.887" level="INFO">Typing text 'Playerowski' into text field 'xpath=//div[2]/div/div/div/input'.</msg>
<status status="PASS" starttime="20230504 22:45:54.887" endtime="20230504 22:45:55.058"/>
</kw>
<status status="PASS" starttime="20230504 22:45:54.887" endtime="20230504 22:45:55.058"/>
</kw>
<kw name="Type in min age">
<kw name="Input Text" library="SeleniumLibrary">
<arg>${FILTERMINAGE}</arg>
<arg>20</arg>
<doc>Types the given ``text`` into the text field identified by ``locator``.</doc>
<msg timestamp="20230504 22:45:55.059" level="INFO">Typing text '20' into text field 'xpath=//div[3]/div/div/div/div[1]/div/input'.</msg>
<status status="PASS" starttime="20230504 22:45:55.058" endtime="20230504 22:45:55.151"/>
</kw>
<status status="PASS" starttime="20230504 22:45:55.058" endtime="20230504 22:45:55.151"/>
</kw>
<kw name="Type in max age">
<kw name="Input Text" library="SeleniumLibrary">
<arg>${FILTERMAXAGE}</arg>
<arg>24</arg>
<doc>Types the given ``text`` into the text field identified by ``locator``.</doc>
<msg timestamp="20230504 22:45:55.151" level="INFO">Typing text '24' into text field 'xpath=//div[3]/div/div/div/div[2]/div/input'.</msg>
<status status="PASS" starttime="20230504 22:45:55.151" endtime="20230504 22:45:55.241"/>
</kw>
<status status="PASS" starttime="20230504 22:45:55.151" endtime="20230504 22:45:55.241"/>
</kw>
<kw name="Type in main position">
<kw name="Input Text" library="SeleniumLibrary">
<arg>${FILTERMAINPOSITION}</arg>
<arg>defender</arg>
<doc>Types the given ``text`` into the text field identified by ``locator``.</doc>
<msg timestamp="20230504 22:45:55.241" level="INFO">Typing text 'defender' into text field 'xpath=//div[4]/div/div/div/input'.</msg>
<status status="PASS" starttime="20230504 22:45:55.241" endtime="20230504 22:45:55.385"/>
</kw>
<status status="PASS" starttime="20230504 22:45:55.241" endtime="20230504 22:45:55.387"/>
</kw>
<kw name="Type in club">
<kw name="Input Text" library="SeleniumLibrary">
<arg>${FILTERCLUB}</arg>
<arg>Wild Goats</arg>
<doc>Types the given ``text`` into the text field identified by ``locator``.</doc>
<msg timestamp="20230504 22:45:55.387" level="INFO">Typing text 'Wild Goats' into text field 'xpath=//div[5]/div/div/div/input'.</msg>
<status status="PASS" starttime="20230504 22:45:55.387" endtime="20230504 22:45:55.553"/>
</kw>
<status status="PASS" starttime="20230504 22:45:55.387" endtime="20230504 22:45:55.553"/>
</kw>
<kw name="Click closing button">
<kw name="Click Element" library="SeleniumLibrary">
<arg>${FILTERCLOSINGBUTTON}</arg>
<doc>Click the element identified by ``locator``.</doc>
<msg timestamp="20230504 22:45:55.555" level="INFO">Clicking element 'xpath=//div[3]/button'.</msg>
<status status="PASS" starttime="20230504 22:45:55.555" endtime="20230504 22:45:55.586"/>
</kw>
<status status="PASS" starttime="20230504 22:45:55.555" endtime="20230504 22:45:55.586"/>
</kw>
<kw name="Click to choose player">
<kw name="Wait Until Element Contains" library="SeleniumLibrary">
<arg>${SEARCHEDNAME}</arg>
<arg>Player 2</arg>
<doc>Waits until the element ``locator`` contains ``text``.</doc>
<status status="PASS" starttime="20230504 22:45:55.586" endtime="20230504 22:45:57.148"/>
</kw>
<kw name="Click Element" library="SeleniumLibrary">
<arg>${CHOOSEPLAYERBUTTON}</arg>
<doc>Click the element identified by ``locator``.</doc>
<msg timestamp="20230504 22:45:57.148" level="INFO">Clicking element 'xpath=//td[1]'.</msg>
<status status="PASS" starttime="20230504 22:45:57.148" endtime="20230504 22:45:57.437"/>
</kw>
<status status="PASS" starttime="20230504 22:45:55.586" endtime="20230504 22:45:57.437"/>
</kw>
<kw name="Click matches button">
<kw name="Click Element" library="SeleniumLibrary">
<arg>${MATCHESOFAPLAYERBUTTON}</arg>
<doc>Click the element identified by ``locator``.</doc>
<msg timestamp="20230504 22:45:57.438" level="INFO">Clicking element 'xpath=//ul[2]/div[2]/div[2]/span'.</msg>
<status status="PASS" starttime="20230504 22:45:57.438" endtime="20230504 22:45:57.511"/>
</kw>
<status status="PASS" starttime="20230504 22:45:57.437" endtime="20230504 22:45:57.511"/>
</kw>
<kw name="Click add match button">
<kw name="Wait Until Element Is Visible" library="SeleniumLibrary">
<arg>${ADDMATCHBUTTON}</arg>
<doc>Waits until the element ``locator`` is visible.</doc>
<status status="PASS" starttime="20230504 22:45:57.512" endtime="20230504 22:45:57.746"/>
</kw>
<kw name="Click Element" library="SeleniumLibrary">
<arg>${ADDMATCHBUTTON}</arg>
<doc>Click the element identified by ``locator``.</doc>
<msg timestamp="20230504 22:45:57.746" level="INFO">Clicking element 'xpath=//main/a/button/span[1]'.</msg>
<status status="PASS" starttime="20230504 22:45:57.746" endtime="20230504 22:45:58.846"/>
</kw>
<status status="PASS" starttime="20230504 22:45:57.512" endtime="20230504 22:45:58.846"/>
</kw>
<kw name="Assert Title of Add Match Form page">
<kw name="Wait Until Element Is Visible" library="SeleniumLibrary">
<arg>{ADDMATCHFORMTITLE}</arg>
<doc>Waits until the element ``locator`` is visible.</doc>
<msg timestamp="20230504 22:46:03.922" level="INFO" html="true">&lt;/td&gt;&lt;/tr&gt;&lt;tr&gt;&lt;td colspan="3"&gt;&lt;a href="selenium-screenshot-12.png"&gt;&lt;img src="selenium-screenshot-12.png" width="800px"&gt;&lt;/a&gt;</msg>
<msg timestamp="20230504 22:46:03.922" level="FAIL">Element '{ADDMATCHFORMTITLE}' not visible after 5 seconds.</msg>
<status status="FAIL" starttime="20230504 22:45:58.847" endtime="20230504 22:46:03.922"/>
</kw>
<kw name="Title Should Be" library="SeleniumLibrary">
<arg>Adding match player Player 2 Playerowski</arg>
<doc>Verifies that the current page title equals ``title``.</doc>
<status status="NOT RUN" starttime="20230504 22:46:03.922" endtime="20230504 22:46:03.922"/>
</kw>
<status status="FAIL" starttime="20230504 22:45:58.847" endtime="20230504 22:46:03.937"/>
</kw>
<kw name="Close Browser" library="SeleniumLibrary" type="TEARDOWN">
<doc>Closes the current browser.</doc>
<status status="PASS" starttime="20230504 22:46:03.937" endtime="20230504 22:46:06.046"/>
</kw>
<status status="FAIL" starttime="20230504 22:45:51.243" endtime="20230504 22:46:06.046">Element '{ADDMATCHFORMTITLE}' not visible after 5 seconds.</status>
</test>
<doc>Suite description #automated tests for scout website</doc>
<status status="FAIL" starttime="20230504 22:45:51.087" endtime="20230504 22:46:06.046"/>
</suite>
<statistics>
<total>
<stat pass="0" fail="1" skip="0">All Tests</stat>
</total>
<tag>
</tag>
<suite>
<stat pass="0" fail="1" skip="0" id="s1" name="Test Add Match Rf">Test Add Match Rf</stat>
</suite>
</statistics>
<errors>
</errors>
</robot>
