<?xml version="1.0" encoding="UTF-8"?>
<robot generator="Robot 6.0.2 (Python 3.11.2 on win32)" generated="20230509 22:43:46.924" rpa="false" schemaversion="3">
<suite id="s1" name="Test Add Match Rf" source="C:\Users\mofyp\GitHub\scoutspanel_robotframework\test_add_match_rf.robot">
<test id="s1-t1" name="Redirect to the add match form" line="38">
<kw name="Open login page">
<kw name="Open Browser" library="SeleniumLibrary">
<arg>${LOGIN URL}</arg>
<arg>${BROWSER}</arg>
<doc>Opens a new browser instance to the optional ``url``.</doc>
<msg timestamp="20230509 22:43:47.246" level="INFO">Opening browser 'Chrome' to base url 'https://scouts.futbolkolektyw.pl/en'.</msg>
<status status="PASS" starttime="20230509 22:43:47.230" endtime="20230509 22:43:48.951"/>
</kw>
<kw name="Title Should Be" library="SeleniumLibrary">
<arg>Scouts panel - sign in</arg>
<doc>Verifies that the current page title equals ``title``.</doc>
<msg timestamp="20230509 22:43:48.963" level="INFO">Page title is 'Scouts panel - sign in'.</msg>
<status status="PASS" starttime="20230509 22:43:48.951" endtime="20230509 22:43:48.963"/>
</kw>
<status status="PASS" starttime="20230509 22:43:47.230" endtime="20230509 22:43:48.971"/>
</kw>
<kw name="Type in email at the login page">
<kw name="Input Text" library="SeleniumLibrary">
<arg>${EMAILINPUT}</arg>
<arg>user07@getnada.com</arg>
<doc>Types the given ``text`` into the text field identified by ``locator``.</doc>
<msg timestamp="20230509 22:43:48.971" level="INFO">Typing text 'user07@getnada.com' into text field 'xpath=//*[@id='login']'.</msg>
<status status="PASS" starttime="20230509 22:43:48.971" endtime="20230509 22:43:49.239"/>
</kw>
<status status="PASS" starttime="20230509 22:43:48.971" endtime="20230509 22:43:49.239"/>
</kw>
<kw name="Type in password">
<kw name="Input Text" library="SeleniumLibrary">
<arg>${PASSWORDINPUT}</arg>
<arg>Test-1234</arg>
<doc>Types the given ``text`` into the text field identified by ``locator``.</doc>
<msg timestamp="20230509 22:43:49.239" level="INFO">Typing text 'Test-1234' into text field 'xpath=//*[@id='password']'.</msg>
<status status="PASS" starttime="20230509 22:43:49.239" endtime="20230509 22:43:49.415"/>
</kw>
<status status="PASS" starttime="20230509 22:43:49.239" endtime="20230509 22:43:49.415"/>
</kw>
<kw name="Click on the Sign in button">
<kw name="Click Element" library="SeleniumLibrary">
<arg>${SIGNINBUTTON}</arg>
<doc>Click the element identified by ``locator``.</doc>
<msg timestamp="20230509 22:43:49.415" level="INFO">Clicking element 'xpath=//*[@type='submit']//child::span[1]'.</msg>
<status status="PASS" starttime="20230509 22:43:49.415" endtime="20230509 22:43:49.506"/>
</kw>
<status status="PASS" starttime="20230509 22:43:49.415" endtime="20230509 22:43:49.506"/>
</kw>
<kw name="Click on the Players button">
<kw name="Wait Until Element Is Visible" library="SeleniumLibrary">
<arg>${PLAYERSBUTTON}</arg>
<doc>Waits until the element ``locator`` is visible.</doc>
<status status="PASS" starttime="20230509 22:43:49.506" endtime="20230509 22:43:51.725"/>
</kw>
<kw name="Click Element" library="SeleniumLibrary">
<arg>${PLAYERSBUTTON}</arg>
<doc>Click the element identified by ``locator``.</doc>
<msg timestamp="20230509 22:43:51.725" level="INFO">Clicking element 'xpath=//ul[1]/div[2]/div[2]/span'.</msg>
<status status="PASS" starttime="20230509 22:43:51.725" endtime="20230509 22:43:51.818"/>
</kw>
<status status="PASS" starttime="20230509 22:43:49.506" endtime="20230509 22:43:51.818"/>
</kw>
<kw name="Click filter table button">
<kw name="Wait Until Element Is Visible" library="SeleniumLibrary">
<arg>${FILTERTABLEBUTTON}</arg>
<doc>Waits until the element ``locator`` is visible.</doc>
<status status="PASS" starttime="20230509 22:43:51.819" endtime="20230509 22:43:52.633"/>
</kw>
<kw name="Click Element" library="SeleniumLibrary">
<arg>${FILTERTABLEBUTTON}</arg>
<doc>Click the element identified by ``locator``.</doc>
<msg timestamp="20230509 22:43:52.633" level="INFO">Clicking element 'xpath=//*[@data-testid = 'Filter Table-iconButton']'.</msg>
<status status="PASS" starttime="20230509 22:43:52.633" endtime="20230509 22:43:52.744"/>
</kw>
<status status="PASS" starttime="20230509 22:43:51.819" endtime="20230509 22:43:52.744"/>
</kw>
<kw name="Type in name">
<kw name="Input Text" library="SeleniumLibrary">
<arg>${FILTERNAME}</arg>
<arg>Player 2</arg>
<doc>Types the given ``text`` into the text field identified by ``locator``.</doc>
<msg timestamp="20230509 22:43:52.744" level="INFO">Typing text 'Player 2' into text field 'xpath=//div[1]/div/div/div/input'.</msg>
<status status="PASS" starttime="20230509 22:43:52.744" endtime="20230509 22:43:53.118"/>
</kw>
<status status="PASS" starttime="20230509 22:43:52.744" endtime="20230509 22:43:53.118"/>
</kw>
<kw name="Type in surname">
<kw name="Input Text" library="SeleniumLibrary">
<arg>${FILTERSURNAME}</arg>
<arg>Playerowski</arg>
<doc>Types the given ``text`` into the text field identified by ``locator``.</doc>
<msg timestamp="20230509 22:43:53.118" level="INFO">Typing text 'Playerowski' into text field 'xpath=//div[2]/div/div/div/input'.</msg>
<status status="PASS" starttime="20230509 22:43:53.118" endtime="20230509 22:43:53.468"/>
</kw>
<status status="PASS" starttime="20230509 22:43:53.118" endtime="20230509 22:43:53.468"/>
</kw>
<kw name="Type in min age">
<kw name="Input Text" library="SeleniumLibrary">
<arg>${FILTERMINAGE}</arg>
<arg>20</arg>
<doc>Types the given ``text`` into the text field identified by ``locator``.</doc>
<msg timestamp="20230509 22:43:53.468" level="INFO">Typing text '20' into text field 'xpath=//div[3]/div/div/div/div[1]/div/input'.</msg>
<status status="PASS" starttime="20230509 22:43:53.468" endtime="20230509 22:43:53.629"/>
</kw>
<status status="PASS" starttime="20230509 22:43:53.468" endtime="20230509 22:43:53.629"/>
</kw>
<kw name="Type in max age">
<kw name="Input Text" library="SeleniumLibrary">
<arg>${FILTERMAXAGE}</arg>
<arg>24</arg>
<doc>Types the given ``text`` into the text field identified by ``locator``.</doc>
<msg timestamp="20230509 22:43:53.629" level="INFO">Typing text '24' into text field 'xpath=//div[3]/div/div/div/div[2]/div/input'.</msg>
<status status="PASS" starttime="20230509 22:43:53.629" endtime="20230509 22:43:53.771"/>
</kw>
<status status="PASS" starttime="20230509 22:43:53.629" endtime="20230509 22:43:53.771"/>
</kw>
<kw name="Type in main position">
<kw name="Input Text" library="SeleniumLibrary">
<arg>${FILTERMAINPOSITION}</arg>
<arg>defender</arg>
<doc>Types the given ``text`` into the text field identified by ``locator``.</doc>
<msg timestamp="20230509 22:43:53.771" level="INFO">Typing text 'defender' into text field 'xpath=//div[4]/div/div/div/input'.</msg>
<status status="PASS" starttime="20230509 22:43:53.771" endtime="20230509 22:43:53.996"/>
</kw>
<status status="PASS" starttime="20230509 22:43:53.771" endtime="20230509 22:43:53.996"/>
</kw>
<kw name="Type in club">
<kw name="Input Text" library="SeleniumLibrary">
<arg>${FILTERCLUB}</arg>
<arg>Wild Goats</arg>
<doc>Types the given ``text`` into the text field identified by ``locator``.</doc>
<msg timestamp="20230509 22:43:53.999" level="INFO">Typing text 'Wild Goats' into text field 'xpath=//div[5]/div/div/div/input'.</msg>
<status status="PASS" starttime="20230509 22:43:53.999" endtime="20230509 22:43:54.256"/>
</kw>
<status status="PASS" starttime="20230509 22:43:53.999" endtime="20230509 22:43:54.256"/>
</kw>
<kw name="Click closing button">
<kw name="Click Element" library="SeleniumLibrary">
<arg>${FILTERCLOSINGBUTTON}</arg>
<doc>Click the element identified by ``locator``.</doc>
<msg timestamp="20230509 22:43:54.260" level="INFO">Clicking element 'xpath=//div[3]/button'.</msg>
<status status="PASS" starttime="20230509 22:43:54.260" endtime="20230509 22:43:54.316"/>
</kw>
<status status="PASS" starttime="20230509 22:43:54.260" endtime="20230509 22:43:54.316"/>
</kw>
<kw name="Click to choose player">
<kw name="Wait Until Element Contains" library="SeleniumLibrary">
<arg>${SEARCHEDNAME}</arg>
<arg>Player 2</arg>
<doc>Waits until the element ``locator`` contains ``text``.</doc>
<status status="PASS" starttime="20230509 22:43:54.316" endtime="20230509 22:43:55.057"/>
</kw>
<kw name="Wait Until Element Is Visible" library="SeleniumLibrary">
<arg>${CHOOSEPLAYERBUTTON}</arg>
<doc>Waits until the element ``locator`` is visible.</doc>
<status status="PASS" starttime="20230509 22:43:55.057" endtime="20230509 22:43:55.088"/>
</kw>
<kw name="Click Element" library="SeleniumLibrary">
<arg>${CHOOSEPLAYERBUTTON}</arg>
<doc>Click the element identified by ``locator``.</doc>
<msg timestamp="20230509 22:43:55.088" level="INFO">Clicking element 'xpath=//tr[1]/td[1]/div[2]'.</msg>
<status status="PASS" starttime="20230509 22:43:55.088" endtime="20230509 22:43:56.487"/>
</kw>
<status status="PASS" starttime="20230509 22:43:54.316" endtime="20230509 22:43:56.487"/>
</kw>
<kw name="Click matches button">
<kw name="Click Element" library="SeleniumLibrary">
<arg>${MATCHESOFAPLAYERBUTTON}</arg>
<doc>Click the element identified by ``locator``.</doc>
<msg timestamp="20230509 22:43:56.495" level="INFO">Clicking element 'xpath=//ul[2]/div[2]/div[2]/span'.</msg>
<status status="PASS" starttime="20230509 22:43:56.487" endtime="20230509 22:43:56.649"/>
</kw>
<status status="PASS" starttime="20230509 22:43:56.487" endtime="20230509 22:43:56.649"/>
</kw>
<kw name="Click add match button">
<kw name="Wait Until Element Is Visible" library="SeleniumLibrary">
<arg>${ADDMATCHBUTTON}</arg>
<doc>Waits until the element ``locator`` is visible.</doc>
<status status="PASS" starttime="20230509 22:43:56.649" endtime="20230509 22:43:56.930"/>
</kw>
<kw name="Click Element" library="SeleniumLibrary">
<arg>${ADDMATCHBUTTON}</arg>
<doc>Click the element identified by ``locator``.</doc>
<msg timestamp="20230509 22:43:56.932" level="INFO">Clicking element 'xpath=//main/a/button/span[1]'.</msg>
<status status="PASS" starttime="20230509 22:43:56.930" endtime="20230509 22:43:57.091"/>
</kw>
<status status="PASS" starttime="20230509 22:43:56.649" endtime="20230509 22:43:57.091"/>
</kw>
<kw name="Assert Title of Add Match Form page">
<kw name="Wait Until Element Is Visible" library="SeleniumLibrary">
<arg>{ADDMATCHFORMTITLE}</arg>
<doc>Waits until the element ``locator`` is visible.</doc>
<msg timestamp="20230509 22:44:02.406" level="INFO" html="true">&lt;/td&gt;&lt;/tr&gt;&lt;tr&gt;&lt;td colspan="3"&gt;&lt;a href="selenium-screenshot-4.png"&gt;&lt;img src="selenium-screenshot-4.png" width="800px"&gt;&lt;/a&gt;</msg>
<msg timestamp="20230509 22:44:02.406" level="FAIL">Element '{ADDMATCHFORMTITLE}' not visible after 5 seconds.</msg>
<status status="FAIL" starttime="20230509 22:43:57.091" endtime="20230509 22:44:02.406"/>
</kw>
<kw name="Title Should Be" library="SeleniumLibrary">
<arg>Adding match player Player 2 Playerowski</arg>
<doc>Verifies that the current page title equals ``title``.</doc>
<status status="NOT RUN" starttime="20230509 22:44:02.406" endtime="20230509 22:44:02.406"/>
</kw>
<status status="FAIL" starttime="20230509 22:43:57.091" endtime="20230509 22:44:02.406"/>
</kw>
<kw name="Close Browser" library="SeleniumLibrary" type="TEARDOWN">
<doc>Closes the current browser.</doc>
<status status="PASS" starttime="20230509 22:44:02.406" endtime="20230509 22:44:04.591"/>
</kw>
<status status="FAIL" starttime="20230509 22:43:47.230" endtime="20230509 22:44:04.591">Element '{ADDMATCHFORMTITLE}' not visible after 5 seconds.</status>
</test>
<doc>Suite description #automated tests for scout website</doc>
<status status="FAIL" starttime="20230509 22:43:46.924" endtime="20230509 22:44:04.591"/>
</suite>
<statistics>
<total>
<stat pass="0" fail="1" skip="0">All Tests</stat>
</total>
<tag>
</tag>
<suite>
<stat pass="0" fail="1" skip="0" id="s1" name="Test Add Match Rf">Test Add Match Rf</stat>
</suite>
</statistics>
<errors>
</errors>
</robot>
